app/build/intermediates/manifest_merge_blame_file/debug/manifest-merger-blame-debug-report.txt
1<?xml version="1.0" encoding="utf-8"?>
2<manifest xmlns:android="http://schemas.android.com/apk/res/android"
3    package="com.example.todomvvm"
4    android:versionCode="1"
5    android:versionName="1.0" >
6
7    <uses-sdk
8        android:minSdkVersion="23"
8-->src\main\AndroidManifest.xml
9        android:targetSdkVersion="29" />
9-->src\main\AndroidManifest.xml
10
11    <application
11-->src\main\AndroidManifest.xml:5:5-24:19
12        android:allowBackup="true"
12-->src\main\AndroidManifest.xml:6:9-35
13        android:appComponentFactory="androidx.core.app.CoreComponentFactory"
13-->[androidx.core:core:1.1.0] AndroidManifest.xml:24:18-86
14        android:debuggable="true"
15        android:icon="@mipmap/ic_launcher"
15-->src\main\AndroidManifest.xml:7:9-43
16        android:label="@string/app_name"
16-->src\main\AndroidManifest.xml:8:9-41
17        android:roundIcon="@mipmap/ic_launcher_round"
17-->src\main\AndroidManifest.xml:9:9-54
18        android:supportsRtl="true"
18-->src\main\AndroidManifest.xml:10:9-35
19        android:testOnly="true"
20        android:theme="@style/AppTheme" >
20-->src\main\AndroidManifest.xml:11:9-40
21        <activity android:name="com.example.todomvvm.screens.login.LoginActivity" />
21-->src\main\AndroidManifest.xml:12:9-74
21-->src\main\AndroidManifest.xml:12:19-62
22        <activity
22-->src\main\AndroidManifest.xml:13:9-19:20
23            android:name="com.example.todomvvm.screens.splash.SplashActivity"
23-->src\main\AndroidManifest.xml:13:19-64
24            android:theme="@style/StyleTheme" >
24-->src\main\AndroidManifest.xml:13:65-98
25            <intent-filter>
25-->src\main\AndroidManifest.xml:14:13-18:29
26                <action android:name="android.intent.action.MAIN" />
26-->src\main\AndroidManifest.xml:15:17-69
26-->src\main\AndroidManifest.xml:15:25-66
27
28                <category android:name="android.intent.category.LAUNCHER" />
28-->src\main\AndroidManifest.xml:17:17-77
28-->src\main\AndroidManifest.xml:17:27-74
29            </intent-filter>
30        </activity>
31        <activity
31-->src\main\AndroidManifest.xml:20:9-22:46
32            android:name="com.example.todomvvm.screens.addedittask.AddEditTaskActivity"
32-->src\main\AndroidManifest.xml:21:13-68
33            android:label="Add a new Task" />
33-->src\main\AndroidManifest.xml:22:13-43
34        <activity android:name="com.example.todomvvm.screens.tasks.TaskListActivity" />
34-->src\main\AndroidManifest.xml:23:9-68
34-->src\main\AndroidManifest.xml:23:19-65
35
36        <service
36-->[androidx.room:room-runtime:2.2.5] AndroidManifest.xml:25:9-28:40
37            android:name="androidx.room.MultiInstanceInvalidationService"
37-->[androidx.room:room-runtime:2.2.5] AndroidManifest.xml:26:13-74
38            android:directBootAware="true"
38-->[androidx.room:room-runtime:2.2.5] AndroidManifest.xml:27:13-43
39            android:exported="false" />
39-->[androidx.room:room-runtime:2.2.5] AndroidManifest.xml:28:13-37
40
41        <provider
41-->[androidx.lifecycle:lifecycle-process:2.2.0] AndroidManifest.xml:25:9-29:43
42            android:name="androidx.lifecycle.ProcessLifecycleOwnerInitializer"
42-->[androidx.lifecycle:lifecycle-process:2.2.0] AndroidManifest.xml:26:13-79
43            android:authorities="com.example.todomvvm.lifecycle-process"
43-->[androidx.lifecycle:lifecycle-process:2.2.0] AndroidManifest.xml:27:13-69
44            android:exported="false"
44-->[androidx.lifecycle:lifecycle-process:2.2.0] AndroidManifest.xml:28:13-37
45            android:multiprocess="true" />
45-->[androidx.lifecycle:lifecycle-process:2.2.0] AndroidManifest.xml:29:13-40
46    </application>
47
48</manifest>